[0.009s] Invoking command in '/home/tejas/Desktop/ros_project/workspace/build/mycobot': CMAKE_PREFIX_PATH=${CMAKE_PREFIX_PATH}:/opt/ros/humble /usr/bin/cmake /home/tejas/Desktop/ros_project/workspace/src/mycobot -DCMAKE_INSTALL_PREFIX=/home/tejas/Desktop/ros_project/workspace/install/mycobot
[0.092s] -- The C compiler identification is GNU 11.4.0
[0.157s] -- The CXX compiler identification is GNU 11.4.0
[0.164s] -- Detecting C compiler ABI info
[0.229s] -- Detecting C compiler ABI info - done
[0.233s] -- Check for working C compiler: /usr/bin/cc - skipped
[0.233s] -- Detecting C compile features
[0.234s] -- Detecting C compile features - done
[0.236s] -- Detecting CXX compiler ABI info
[0.303s] -- Detecting CXX compiler ABI info - done
[0.307s] -- Check for working CXX compiler: /usr/bin/c++ - skipped
[0.307s] -- Detecting CXX compile features
[0.308s] -- Detecting CXX compile features - done
[0.310s] -- Found ament_cmake: 1.3.12 (/opt/ros/humble/share/ament_cmake/cmake)
[0.415s] -- Found Python3: /usr/bin/python3 (found version "3.10.12") found components: Interpreter 
[0.522s] -- Configuring done
[0.524s] -- Generating done
[0.525s] -- Build files have been written to: /home/tejas/Desktop/ros_project/workspace/build/mycobot
[0.530s] Invoked command in '/home/tejas/Desktop/ros_project/workspace/build/mycobot' returned '0': CMAKE_PREFIX_PATH=${CMAKE_PREFIX_PATH}:/opt/ros/humble /usr/bin/cmake /home/tejas/Desktop/ros_project/workspace/src/mycobot -DCMAKE_INSTALL_PREFIX=/home/tejas/Desktop/ros_project/workspace/install/mycobot
[0.532s] Invoking command in '/home/tejas/Desktop/ros_project/workspace/build/mycobot': CMAKE_PREFIX_PATH=${CMAKE_PREFIX_PATH}:/opt/ros/humble /usr/bin/cmake --build /home/tejas/Desktop/ros_project/workspace/build/mycobot -- -j16 -l16
[0.562s] Invoked command in '/home/tejas/Desktop/ros_project/workspace/build/mycobot' returned '0': CMAKE_PREFIX_PATH=${CMAKE_PREFIX_PATH}:/opt/ros/humble /usr/bin/cmake --build /home/tejas/Desktop/ros_project/workspace/build/mycobot -- -j16 -l16
[0.569s] Invoking command in '/home/tejas/Desktop/ros_project/workspace/build/mycobot': CMAKE_PREFIX_PATH=${CMAKE_PREFIX_PATH}:/opt/ros/humble /usr/bin/cmake --install /home/tejas/Desktop/ros_project/workspace/build/mycobot
[0.574s] -- Install configuration: ""
[0.574s] -- Installing: /home/tejas/Desktop/ros_project/workspace/install/mycobot/share/mycobot/package.xml
[0.574s] -- Installing: /home/tejas/Desktop/ros_project/workspace/install/mycobot/share/mycobot/urdf
[0.574s] -- Installing: /home/tejas/Desktop/ros_project/workspace/install/mycobot/share/mycobot/urdf/mycobot_280_pi.urdf
[0.575s] -- Installing: /home/tejas/Desktop/ros_project/workspace/install/mycobot/share/mycobot/urdf/meshes
[0.575s] -- Installing: /home/tejas/Desktop/ros_project/workspace/install/mycobot/share/mycobot/urdf/meshes/joint3.dae
[0.579s] -- Installing: /home/tejas/Desktop/ros_project/workspace/install/mycobot/share/mycobot/urdf/meshes/G_base.dae
[0.586s] -- Installing: /home/tejas/Desktop/ros_project/workspace/install/mycobot/share/mycobot/urdf/meshes/joint2.png
[0.586s] -- Installing: /home/tejas/Desktop/ros_project/workspace/install/mycobot/share/mycobot/urdf/meshes/joint4.png
[0.586s] -- Installing: /home/tejas/Desktop/ros_project/workspace/install/mycobot/share/mycobot/urdf/meshes/joint6.png
[0.586s] -- Installing: /home/tejas/Desktop/ros_project/workspace/install/mycobot/share/mycobot/urdf/meshes/joint3.png
[0.586s] -- Installing: /home/tejas/Desktop/ros_project/workspace/install/mycobot/share/mycobot/urdf/meshes/joint4.dae
[0.588s] -- Installing: /home/tejas/Desktop/ros_project/workspace/install/mycobot/share/mycobot/urdf/meshes/joint2.dae
[0.590s] -- Installing: /home/tejas/Desktop/ros_project/workspace/install/mycobot/share/mycobot/urdf/meshes/joint7.png
[0.590s] -- Installing: /home/tejas/Desktop/ros_project/workspace/install/mycobot/share/mycobot/urdf/meshes/joint1.stl
[0.613s] -- Installing: /home/tejas/Desktop/ros_project/workspace/install/mycobot/share/mycobot/urdf/meshes/joint1.png
[0.613s] -- Installing: /home/tejas/Desktop/ros_project/workspace/install/mycobot/share/mycobot/urdf/meshes/joint5.png
[0.613s] -- Installing: /home/tejas/Desktop/ros_project/workspace/install/mycobot/share/mycobot/urdf/meshes/joint5.stl
[0.619s] -- Installing: /home/tejas/Desktop/ros_project/workspace/install/mycobot/share/mycobot/urdf/meshes/joint6.dae
[0.621s] -- Installing: /home/tejas/Desktop/ros_project/workspace/install/mycobot/share/mycobot/urdf/meshes/joint7.dae
[0.623s] -- Installing: /home/tejas/Desktop/ros_project/workspace/install/mycobot/share/mycobot/launch
[0.623s] -- Installing: /home/tejas/Desktop/ros_project/workspace/install/mycobot/share/mycobot/launch/gazebo.launch.py
[0.623s] -- Installing: /home/tejas/Desktop/ros_project/workspace/install/mycobot/share/mycobot/config
[0.623s] -- Installing: /home/tejas/Desktop/ros_project/workspace/install/mycobot/share/mycobot/config/ros2_controllers.yaml
[0.623s] -- Installing: /home/tejas/Desktop/ros_project/workspace/install/mycobot/share/mycobot/worlds
[0.623s] -- Installing: /home/tejas/Desktop/ros_project/workspace/install/mycobot/share/mycobot/worlds/default.world
[0.623s] -- Installing: /home/tejas/Desktop/ros_project/workspace/install/mycobot/share/ament_index/resource_index/package_run_dependencies/mycobot
[0.623s] -- Installing: /home/tejas/Desktop/ros_project/workspace/install/mycobot/share/ament_index/resource_index/parent_prefix_path/mycobot
[0.624s] -- Installing: /home/tejas/Desktop/ros_project/workspace/install/mycobot/share/mycobot/environment/ament_prefix_path.sh
[0.624s] -- Installing: /home/tejas/Desktop/ros_project/workspace/install/mycobot/share/mycobot/environment/ament_prefix_path.dsv
[0.624s] -- Installing: /home/tejas/Desktop/ros_project/workspace/install/mycobot/share/mycobot/environment/path.sh
[0.624s] -- Installing: /home/tejas/Desktop/ros_project/workspace/install/mycobot/share/mycobot/environment/path.dsv
[0.624s] -- Installing: /home/tejas/Desktop/ros_project/workspace/install/mycobot/share/mycobot/local_setup.bash
[0.624s] -- Installing: /home/tejas/Desktop/ros_project/workspace/install/mycobot/share/mycobot/local_setup.sh
[0.624s] -- Installing: /home/tejas/Desktop/ros_project/workspace/install/mycobot/share/mycobot/local_setup.zsh
[0.624s] -- Installing: /home/tejas/Desktop/ros_project/workspace/install/mycobot/share/mycobot/local_setup.dsv
[0.624s] -- Installing: /home/tejas/Desktop/ros_project/workspace/install/mycobot/share/mycobot/package.dsv
[0.624s] -- Installing: /home/tejas/Desktop/ros_project/workspace/install/mycobot/share/ament_index/resource_index/packages/mycobot
[0.625s] -- Installing: /home/tejas/Desktop/ros_project/workspace/install/mycobot/share/mycobot/cmake/mycobotConfig.cmake
[0.625s] -- Installing: /home/tejas/Desktop/ros_project/workspace/install/mycobot/share/mycobot/cmake/mycobotConfig-version.cmake
[0.625s] -- Up-to-date: /home/tejas/Desktop/ros_project/workspace/install/mycobot/share/mycobot/package.xml
[0.627s] Invoked command in '/home/tejas/Desktop/ros_project/workspace/build/mycobot' returned '0': CMAKE_PREFIX_PATH=${CMAKE_PREFIX_PATH}:/opt/ros/humble /usr/bin/cmake --install /home/tejas/Desktop/ros_project/workspace/build/mycobot
