[0.019s] Invoking command in '/home/tejas/Desktop/ros_project/workspace/build/mycobot': CMAKE_PREFIX_PATH=${CMAKE_PREFIX_PATH}:/opt/ros/humble /usr/bin/cmake --build /home/tejas/Desktop/ros_project/workspace/build/mycobot -- -j16 -l16
[0.063s] Invoked command in '/home/tejas/Desktop/ros_project/workspace/build/mycobot' returned '0': CMAKE_PREFIX_PATH=${CMAKE_PREFIX_PATH}:/opt/ros/humble /usr/bin/cmake --build /home/tejas/Desktop/ros_project/workspace/build/mycobot -- -j16 -l16
[0.074s] Invoking command in '/home/tejas/Desktop/ros_project/workspace/build/mycobot': CMAKE_PREFIX_PATH=${CMAKE_PREFIX_PATH}:/opt/ros/humble /usr/bin/cmake --install /home/tejas/Desktop/ros_project/workspace/build/mycobot
[0.083s] -- Install configuration: ""
[0.084s] -- Up-to-date: /home/tejas/Desktop/ros_project/workspace/install/mycobot/share/mycobot/package.xml
[0.084s] -- Up-to-date: /home/tejas/Desktop/ros_project/workspace/install/mycobot/share/mycobot/urdf
[0.084s] -- Up-to-date: /home/tejas/Desktop/ros_project/workspace/install/mycobot/share/mycobot/urdf/mycobot_280_pi.urdf
[0.084s] -- Up-to-date: /home/tejas/Desktop/ros_project/workspace/install/mycobot/share/mycobot/urdf/meshes
[0.084s] -- Up-to-date: /home/tejas/Desktop/ros_project/workspace/install/mycobot/share/mycobot/urdf/meshes/joint3.dae
[0.084s] -- Up-to-date: /home/tejas/Desktop/ros_project/workspace/install/mycobot/share/mycobot/urdf/meshes/G_base.dae
[0.084s] -- Up-to-date: /home/tejas/Desktop/ros_project/workspace/install/mycobot/share/mycobot/urdf/meshes/joint2.png
[0.084s] -- Up-to-date: /home/tejas/Desktop/ros_project/workspace/install/mycobot/share/mycobot/urdf/meshes/joint4.png
[0.084s] -- Up-to-date: /home/tejas/Desktop/ros_project/workspace/install/mycobot/share/mycobot/urdf/meshes/joint6.png
[0.084s] -- Up-to-date: /home/tejas/Desktop/ros_project/workspace/install/mycobot/share/mycobot/urdf/meshes/joint3.png
[0.084s] -- Up-to-date: /home/tejas/Desktop/ros_project/workspace/install/mycobot/share/mycobot/urdf/meshes/joint4.dae
[0.084s] -- Up-to-date: /home/tejas/Desktop/ros_project/workspace/install/mycobot/share/mycobot/urdf/meshes/joint2.dae
[0.084s] -- Up-to-date: /home/tejas/Desktop/ros_project/workspace/install/mycobot/share/mycobot/urdf/meshes/joint7.png
[0.085s] -- Up-to-date: /home/tejas/Desktop/ros_project/workspace/install/mycobot/share/mycobot/urdf/meshes/joint1.stl
[0.085s] -- Up-to-date: /home/tejas/Desktop/ros_project/workspace/install/mycobot/share/mycobot/urdf/meshes/joint1.png
[0.085s] -- Up-to-date: /home/tejas/Desktop/ros_project/workspace/install/mycobot/share/mycobot/urdf/meshes/joint5.png
[0.085s] -- Up-to-date: /home/tejas/Desktop/ros_project/workspace/install/mycobot/share/mycobot/urdf/meshes/joint5.stl
[0.085s] -- Up-to-date: /home/tejas/Desktop/ros_project/workspace/install/mycobot/share/mycobot/urdf/meshes/joint6.dae
[0.085s] -- Up-to-date: /home/tejas/Desktop/ros_project/workspace/install/mycobot/share/mycobot/urdf/meshes/joint7.dae
[0.085s] -- Up-to-date: /home/tejas/Desktop/ros_project/workspace/install/mycobot/share/mycobot/launch
[0.085s] -- Installing: /home/tejas/Desktop/ros_project/workspace/install/mycobot/share/mycobot/launch/gazebo.launch.py
[0.085s] -- Up-to-date: /home/tejas/Desktop/ros_project/workspace/install/mycobot/share/mycobot/config
[0.085s] -- Up-to-date: /home/tejas/Desktop/ros_project/workspace/install/mycobot/share/mycobot/config/ros2_controllers.yaml
[0.085s] -- Up-to-date: /home/tejas/Desktop/ros_project/workspace/install/mycobot/share/mycobot/worlds
[0.085s] -- Up-to-date: /home/tejas/Desktop/ros_project/workspace/install/mycobot/share/mycobot/worlds/default.world
[0.085s] -- Up-to-date: /home/tejas/Desktop/ros_project/workspace/install/mycobot/share/ament_index/resource_index/package_run_dependencies/mycobot
[0.085s] -- Up-to-date: /home/tejas/Desktop/ros_project/workspace/install/mycobot/share/ament_index/resource_index/parent_prefix_path/mycobot
[0.085s] -- Up-to-date: /home/tejas/Desktop/ros_project/workspace/install/mycobot/share/mycobot/environment/ament_prefix_path.sh
[0.085s] -- Up-to-date: /home/tejas/Desktop/ros_project/workspace/install/mycobot/share/mycobot/environment/ament_prefix_path.dsv
[0.085s] -- Up-to-date: /home/tejas/Desktop/ros_project/workspace/install/mycobot/share/mycobot/environment/path.sh
[0.086s] -- Up-to-date: /home/tejas/Desktop/ros_project/workspace/install/mycobot/share/mycobot/environment/path.dsv
[0.086s] -- Up-to-date: /home/tejas/Desktop/ros_project/workspace/install/mycobot/share/mycobot/local_setup.bash
[0.086s] -- Up-to-date: /home/tejas/Desktop/ros_project/workspace/install/mycobot/share/mycobot/local_setup.sh
[0.086s] -- Up-to-date: /home/tejas/Desktop/ros_project/workspace/install/mycobot/share/mycobot/local_setup.zsh
[0.086s] -- Up-to-date: /home/tejas/Desktop/ros_project/workspace/install/mycobot/share/mycobot/local_setup.dsv
[0.086s] -- Installing: /home/tejas/Desktop/ros_project/workspace/install/mycobot/share/mycobot/package.dsv
[0.086s] -- Up-to-date: /home/tejas/Desktop/ros_project/workspace/install/mycobot/share/ament_index/resource_index/packages/mycobot
[0.086s] -- Up-to-date: /home/tejas/Desktop/ros_project/workspace/install/mycobot/share/mycobot/cmake/mycobotConfig.cmake
[0.086s] -- Up-to-date: /home/tejas/Desktop/ros_project/workspace/install/mycobot/share/mycobot/cmake/mycobotConfig-version.cmake
[0.086s] -- Up-to-date: /home/tejas/Desktop/ros_project/workspace/install/mycobot/share/mycobot/package.xml
[0.088s] Invoked command in '/home/tejas/Desktop/ros_project/workspace/build/mycobot' returned '0': CMAKE_PREFIX_PATH=${CMAKE_PREFIX_PATH}:/opt/ros/humble /usr/bin/cmake --install /home/tejas/Desktop/ros_project/workspace/build/mycobot
